<?xml version="1.0" encoding="UTF-8"?>
<!-- Generated by org.testng.reporters.JUnitReportReporter -->
<testsuite hostname="DESKTOP-J7DCQRE" failures="0" tests="4" name="testng.SecondClass" time="7.791" errors="0" timestamp="2024-07-30T18:34:37 IST" skipped="0">
  <testcase classname="testng.SecondClass" name="testSub" time="2.430"/>
  <testcase classname="testng.SecondClass" name="testSub" time="1.896"/>
  <testcase classname="testng.SecondClass" name="testSub" time="1.755"/>
  <testcase classname="testng.SecondClass" name="testSub" time="1.710"/>
</testsuite> <!-- testng.SecondClass -->
