<?xml version="1.0" encoding="UTF-8"?>
<!-- Generated by org.testng.reporters.JUnitReportReporter -->
<testsuite hostname="DESKTOP-J7DCQRE" failures="0" tests="1" name="testng.Robot3" time="22.845" errors="0" timestamp="2024-07-31T19:18:33 IST" skipped="0">
  <testcase classname="testng.Robot3" name="rbt" time="22.845"/>
</testsuite> <!-- testng.Robot3 -->
