<?xml version="1.0" encoding="UTF-8"?>
<!-- Generated by org.testng.reporters.JUnitReportReporter -->
<testsuite hostname="DESKTOP-J7DCQRE" failures="0" tests="1" name="testng.NewTest" time="11.261" errors="0" timestamp="2024-07-31T18:58:26 IST" skipped="0">
  <testcase classname="testng.NewTest" name="sikuli" time="11.261"/>
</testsuite> <!-- testng.NewTest -->
