<?xml version="1.0" encoding="UTF-8"?>
<!-- Generated by org.testng.reporters.JUnitReportReporter -->
<testsuite hostname="DESKTOP-J7DCQRE" failures="0" tests="1" name="runner.Runner" time="2.419" errors="0" timestamp="2024-07-30T18:24:41 IST" skipped="0">
  <testcase classname="runner.Runner" name="runScenario" time="2.419"/>
</testsuite> <!-- runner.Runner -->
